{
  "query_block": {
    "select_id": 1,
    "cost_info": {
      "query_cost": "3.42"
    },
    "nested_loop": [
      {
        "table": {
          "table_name": "Country",
          "access_type": "const",
          "possible_keys": [
            "PRIMARY"
          ],
          "key": "PRIMARY",
          "used_key_parts": [
            "Code"
          ],
          "key_length": "3",
          "ref": [
            "const"
          ],
          "rows_examined_per_scan": 1,
          "rows_produced_per_join": 1,
          "filtered": "100.00",
          "cost_info": {
            "read_cost": "0.00",
            "eval_cost": "0.20",
            "prefix_cost": "0.00",
            "data_read_per_join": "264"
          },
          "used_columns": [
            "Code",
            "Name",
            "Capital"
          ]
        }
      },
      {
        "table": {
          "table_name": "City",
          "access_type": "const",
          "possible_keys": [
            "PRIMARY"
          ],
          "key": "PRIMARY",
          "used_key_parts": [
            "ID"
          ],
          "key_length": "4",
          "ref": [
            "const"
          ],
          "rows_examined_per_scan": 1,
          "rows_produced_per_join": 1,
          "filtered": "100.00",
          "cost_info": {
            "read_cost": "0.00",
            "eval_cost": "0.20",
            "prefix_cost": "0.00",
            "data_read_per_join": "72"
          },
          "used_columns": [
            "ID",
            "Name"
          ]
        }
      },
      {
        "table": {
          "table_name": "CountryLanguage",
          "access_type": "ref",
          "possible_keys": [
            "PRIMARY",
            "CountryCode"
          ],
          "key": "PRIMARY",
          "used_key_parts": [
            "CountryCode"
          ],
          "key_length": "3",
          "ref": [
            "const"
          ],
          "rows_examined_per_scan": 12,
          "rows_produced_per_join": 6,
          "filtered": "50.00",
          "cost_info": {
            "read_cost": "1.02",
            "eval_cost": "1.20",
            "prefix_cost": "3.42",
            "data_read_per_join": "240"
          },
          "used_columns": [
            "CountryCode",
            "Language",
            "IsOfficial"
          ],
          "attached_condition": "(`world`.`CountryLanguage`.`IsOfficial` = 'T')"
        }
      }
    ]
  }
}
