{
  "query_block": {
    "select_id": 1,
    "cost_info": {
      "query_cost": "407.80"
    },
    "nested_loop": [
      {
        "table": {
          "table_name": "Country",
          "access_type": "ALL",
          "possible_keys": [
            "PRIMARY"
          ],
          "rows_examined_per_scan": 239,
          "rows_produced_per_join": 239,
          "filtered": "100.00",
          "cost_info": {
            "read_cost": "9.00",
            "eval_cost": "47.80",
            "prefix_cost": "56.80",
            "data_read_per_join": "61K"
          },
          "used_columns": [
            "Code",
            "Name",
            "Continent",
            "Region",
            "SurfaceArea",
            "IndepYear",
            "Population",
            "LifeExpectancy",
            "GNP",
            "GNPOld",
            "LocalName",
            "GovernmentForm",
            "HeadOfState",
            "Capital",
            "Code2"
          ],
          "attached_condition": "(`world`.`Country`.`Code` is not null)"
        }
      },
      {
        "table": {
          "table_name": "<subquery2>",
          "access_type": "eq_ref",
          "key": "<auto_key>",
          "key_length": "3",
          "ref": [
            "world.Country.Code"
          ],
          "rows_examined_per_scan": 1,
          "materialized_from_subquery": {
            "using_temporary_table": true,
            "query_block": {
              "table": {
                "table_name": "CountryLanguage",
                "access_type": "ALL",
                "possible_keys": [
                  "PRIMARY",
                  "CountryCode"
                ],
                "rows_examined_per_scan": 984,
                "rows_produced_per_join": 492,
                "filtered": "50.00",
                "cost_info": {
                  "read_cost": "104.40",
                  "eval_cost": "98.40",
                  "prefix_cost": "202.80",
                  "data_read_per_join": "19K"
                },
                "used_columns": [
                  "CountryCode",
                  "IsOfficial"
                ],
                "attached_condition": "(`world`.`CountryLanguage`.`IsOfficial` = 1)"
              }
            }
          }
        }
      }
    ]
  }
}
